Torque Exporter 0.97 Beta3 
 Using blender, version 249
 Exporting...
 Writing shape to  'C:\Program Files (x86)\Steam\SteamApps\common\Blockland\Add-Ons\GameMode_Space_Station\shapes\frame_thin.dts'.
 Processing...
 > Shape Details
    > Nodes
      ^^ Bone [Exp-Catch-Root] (parent -1)
      ^^ Bone [Cube] (parent -1)
    > Objects
     'Cube' : Standard 
    > Materials
       blank
    > Detail Levels
       Detail-1 (size : 1)
       Smallest : Detail-1 (size : 1)
    > Internal Sequences
 Writing out DTS...
 Done.
 Finished.
 